2025-04-23 14:24:26 - INFO - Starting ETL Pipeline...
2025-04-23 14:24:26 - INFO - Extracted 367 records from test.csv.
2025-04-23 14:24:26 - INFO - Extracted 614 records from train.csv.
2025-04-23 14:24:26 - INFO - Transformed data for test: filled missing values.
2025-04-23 14:24:26 - INFO - Transformed data for train: filled missing values.
2025-04-23 14:24:28 - INFO - Connected to MongoDB.
2025-04-23 14:24:44 - INFO - Successfully upserted 367 records into test collection in MongoDB.
2025-04-23 14:25:07 - INFO - Successfully upserted 614 records into train collection in MongoDB.
2025-04-23 14:25:07 - INFO - ETL Pipeline completed successfully!
2025-04-23 14:26:25 - INFO - Starting ETL Pipeline...
2025-04-23 14:26:25 - INFO - Extracted 367 records from test.csv.
2025-04-23 14:26:25 - INFO - Extracted 614 records from train.csv.
2025-04-23 14:26:25 - INFO - Transformed data for test: filled missing values.
2025-04-23 14:26:25 - INFO - Transformed data for train: filled missing values.
2025-04-23 14:26:28 - INFO - Connected to MongoDB.
2025-04-23 14:26:42 - INFO - Successfully upserted 367 records into test collection in MongoDB.
2025-04-23 14:27:07 - INFO - Successfully upserted 614 records into train collection in MongoDB.
2025-04-23 14:27:07 - INFO - ETL Pipeline completed successfully!
2025-04-23 14:31:55 - INFO - Extracted 367 records from test.csv.
2025-04-23 14:31:55 - INFO - Extracted 614 records from train.csv.
2025-04-23 14:31:55 - WARNING - Data contains missing values.
2025-04-23 14:31:55 - INFO - Data validation passed. 367 records ready for loading.
2025-04-23 14:31:55 - WARNING - Data contains missing values.
2025-04-23 14:31:55 - INFO - Data validation passed. 614 records ready for loading.
2025-04-23 14:32:08 - INFO - Starting ETL Pipeline...
2025-04-23 14:32:08 - INFO - Extracted 367 records from test.csv.
2025-04-23 14:32:08 - INFO - Extracted 614 records from train.csv.
2025-04-23 14:32:08 - INFO - Transformed data for test: filled missing values.
2025-04-23 14:32:08 - INFO - Transformed data for train: filled missing values.
2025-04-23 14:32:11 - INFO - Connected to MongoDB.
2025-04-23 14:32:23 - INFO - Successfully upserted 367 records into test collection in MongoDB.
2025-04-23 14:32:44 - INFO - Successfully upserted 614 records into train collection in MongoDB.
2025-04-23 14:32:44 - INFO - ETL Pipeline completed successfully!
2025-04-23 14:32:58 - INFO - Extracted 367 records from test.csv.
2025-04-23 14:32:58 - INFO - Extracted 614 records from train.csv.
2025-04-23 14:32:58 - WARNING - Data contains missing values.
2025-04-23 14:32:58 - INFO - Data validation passed. 367 records ready for loading.
2025-04-23 14:32:58 - WARNING - Data contains missing values.
2025-04-23 14:32:58 - INFO - Data validation passed. 614 records ready for loading.
2025-04-23 14:44:25 - INFO - Extracted 367 records from test.csv.
2025-04-23 14:44:25 - INFO - Extracted 614 records from train.csv.
2025-04-23 14:44:25 - WARNING - Data contains missing values.
2025-04-23 14:44:25 - INFO - Data validation passed. 367 records ready for loading.
2025-04-23 14:44:25 - WARNING - Data contains missing values.
2025-04-23 14:44:25 - INFO - Data validation passed. 614 records ready for loading.
2025-04-23 14:44:32 - INFO - Starting ETL Pipeline...
2025-04-23 14:44:32 - INFO - Extracted 367 records from test.csv.
2025-04-23 14:44:32 - INFO - Extracted 614 records from train.csv.
2025-04-23 14:44:32 - INFO - Transformed data for test: filled missing values.
2025-04-23 14:44:32 - INFO - Transformed data for train: filled missing values.
2025-04-23 14:44:34 - INFO - Connected to MongoDB.
2025-04-23 14:44:46 - INFO - Successfully upserted 367 records into test collection in MongoDB.
2025-04-23 14:45:07 - INFO - Successfully upserted 614 records into train collection in MongoDB.
2025-04-23 14:45:07 - INFO - ETL Pipeline completed successfully!
